Time,RPM,MPH,Throttle,Load,Fuel Status

22:44:12.683932,699,0.0,10.5882352941,28.6274509804,0200
22:44:14.75094,696,0.0,10.5882352941,28.2352941176,0200
22:44:15.492684,698,0.0,10.5882352941,28.6274509804,0200
22:44:16.756309,700,0.0,12.1568627451,36.0784313725,0200
22:44:18.4014,892,0.0,10.5882352941,26.2745098039,0200
22:44:19.356423,730,0.0,10.5882352941,29.0196078431,0200
22:44:20.582791,706,0.0,10.5882352941,27.8431372549,0200
22:44:21.769040,720,0.0,10.5882352941,28.2352941176,0200
22:44:23.126507,703,0.0,10.5882352941,28.2352941176,0200
22:44:24.420306,714,0.0,10.5882352941,28.2352941176,0200
22:44:25.725258,708,0.0,10.5882352941,28.2352941176,0200
22:44:27.36538,702,0.0,14.5098039216,34.1176470588,0400
22:44:28.384002,1338,0.0,10.5882352941,22.3529411765,0400
22:44:29.652840,746,0.0,10.5882352941,30.1960784314,0200
22:44:31.25249,644,0.0,10.5882352941,29.0196078431,0200
22:44:32.332791,727,0.0,10.5882352941,27.0588235294,0200
22:44:33.855439,702,0.0,10.5882352941,28.6274509804,0200
22:44:35.197738,677,0.0,10.5882352941,28.6274509804,0200
22:44:36.410360,708,0.0,10.5882352941,28.2352941176,0200
22:44:37.595268,716,0.0,10.5882352941,28.6274509804,0200
22:44:38.912903,710,0.0,10.5882352941,28.6274509804,0200
22:44:40.229091,708,0.0,10.5882352941,28.6274509804,0200
22:44:41.419134,717,0.0,10.5882352941,28.6274509804,0200
22:44:42.784028,713,0.0,10.5882352941,28.6274509804,0200
22:44:44.74074,710,0.0,10.5882352941,27.8431372549,0200
22:44:45.382917,707,0.0,10.5882352941,28.2352941176,0200
22:44:46.714079,698,0.0,10.5882352941,28.6274509804,0200
22:44:47.980391,695,0.0,10.5882352941,28.2352941176,0200
22:44:49.272840,695,0.0,10.5882352941,28.2352941176,0200
22:44:50.631701,703,0.0,10.5882352941,30.1960784314,0200
22:44:51.886627,829,0.0,10.5882352941,27.8431372549,0200
22:44:53.155472,699,0.0,10.5882352941,29.0196078431,0200
22:44:54.526605,790,0.0,10.5882352941,35.2941176471,0200
22:44:55.895356,693,0.0,10.5882352941,37.6470588235,0200
22:44:57.186706,690,0.0,10.5882352941,37.2549019608,0200
22:44:58.554122,833,0.0,10.5882352941,27.0588235294,0200
22:44:59.872993,706,0.0,10.5882352941,29.4117647059,0200
22:45:1.92911,712,0.0,10.5882352941,28.2352941176,0200
22:45:2.413000,704,0.0,10.5882352941,29.0196078431,0200
22:45:3.665399,703,0.0,10.5882352941,29.0196078431,0200
22:45:4.889407,696,0.0,10.5882352941,29.0196078431,0200
22:45:6.165430,703,0.0,10.5882352941,31.7647058824,0200
22:45:7.437905,716,0.0,10.5882352941,36.862745098,0200
22:45:8.695546,648,0.0,10.5882352941,37.6470588235,0200
22:45:10.45620,634,1.86451211933,10.5882352941,38.431372549,0200
22:45:11.269381,657,3.10752019888,10.5882352941,36.862745098,0200
22:45:12.526789,650,3.10752019888,10.5882352941,37.6470588235,0200
22:45:13.870641,654,3.10752019888,10.5882352941,37.6470588235,0200
22:45:15.196773,637,3.10752019888,10.5882352941,38.0392156863,0200
22:45:16.374540,663,3.72902423866,10.5882352941,40.0,0200
22:45:17.696809,654,3.10752019888,10.5882352941,36.862745098,0200
22:45:19.5708,629,2.48601615911,10.5882352941,37.6470588235,0200
22:45:20.260551,633,0.0,10.5882352941,36.862745098,0200
22:45:21.604773,654,0.0,10.5882352941,37.2549019608,0200
22:45:22.926752,797,0.0,10.5882352941,43.137254902,0200
22:45:24.124407,781,0.0,14.1176470588,50.5882352941,0200
22:45:25.466743,1024,2.48601615911,14.1176470588,42.3529411765,0200
22:45:26.757118,806,4.35052827843,10.5882352941,33.7254901961,0200
22:45:28.49414,682,4.35052827843,10.5882352941,36.862745098,0200
22:45:29.382045,627,2.48601615911,10.5882352941,36.4705882353,0200
22:45:30.655602,643,0.0,10.5882352941,36.862745098,0200
22:45:31.972261,653,0.0,10.5882352941,37.2549019608,0200
22:45:33.348047,646,0.0,10.5882352941,36.4705882353,0200
22:45:34.709395,696,0.0,18.0392156863,63.137254902,0200
22:45:35.976860,1484,4.35052827843,10.5882352941,31.7647058824,0200
22:45:37.272157,886,6.83654443754,14.1176470588,43.137254902,0200
22:45:38.573157,1420,6.83654443754,16.4705882353,58.0392156863,0200
22:45:39.784502,1628,9.32256059664,16.4705882353,53.3333333333,0200
22:45:41.260730,1808,11.187072716,16.862745098,61.9607843137,0200
22:45:42.614556,1558,12.4300807955,16.862745098,60.0,0200
22:45:43.868238,1610,14.2945929149,17.2549019608,59.2156862745,0200
22:45:45.219576,1432,15.5376009944,10.5882352941,21.9607843137,0200
22:45:46.643214,917,15.5376009944,10.5882352941,28.6274509804,0200
22:45:47.859537,778,13.6730888751,10.5882352941,29.4117647059,0200
22:45:49.294440,768,9.94406463642,10.5882352941,31.3725490196,0200
22:45:50.918176,722,7.45804847732,10.5882352941,33.7254901961,0200
22:45:52.334368,641,2.48601615911,16.862745098,70.9803921569,0200
22:45:53.814604,1489,4.97203231821,17.2549019608,63.5294117647,0200
22:45:55.35771,1661,8.07955251709,17.2549019608,60.3921568627,0200
22:45:56.240921,1825,10.5655686762,18.0392156863,59.6078431373,0200
22:45:57.412083,2046,11.8085767557,18.431372549,66.2745098039,0200
22:45:58.477080,1733,14.2945929149,19.2156862745,67.8431372549,0200
22:45:59.578282,1814,16.1591050342,19.2156862745,66.6666666667,0200
22:46:0.827095,1864,18.0236171535,10.5882352941,21.568627451,0400
22:46:1.889575,1342,18.6451211933,17.2549019608,58.8235294118,0200
22:46:2.879658,1571,18.6451211933,17.2549019608,63.137254902,0200
22:46:3.873232,1599,19.8881292728,10.5882352941,24.7058823529,0200
22:46:4.889611,1007,19.8881292728,13.7254901961,36.862745098,0200
22:46:5.935783,1231,19.2666252331,15.2941176471,48.6274509804,0200
22:46:7.16402,1331,19.8881292728,15.6862745098,52.1568627451,0200
22:46:8.72206,1613,20.5096333126,18.0392156863,59.6078431373,0200
22:46:9.87037,1669,21.1311373524,18.431372549,65.8823529412,0200
22:46:10.137162,1692,21.1311373524,18.431372549,65.4901960784,0200
22:46:11.154563,1719,22.3741454319,18.431372549,65.8823529412,0200
22:46:12.209646,1745,23.6171535115,18.8235294118,65.8823529412,0200
22:46:13.224563,1762,24.2386575513,18.8235294118,66.2745098039,0200
22:46:14.270929,1772,24.8601615911,18.8235294118,65.8823529412,0200
22:46:15.290816,1798,26.1031696706,18.8235294118,65.8823529412,0200
22:46:16.338504,1811,26.7246737104,18.8235294118,66.2745098039,0200
22:46:17.353330,1829,27.3461777502,18.8235294118,66.6666666667,0200
22:46:18.434679,1864,27.9676817899,18.8235294118,66.2745098039,0200
22:46:19.539583,1889,29.2106898695,15.6862745098,37.2549019608,0200
22:46:20.588482,1278,29.2106898695,10.5882352941,24.3137254902,0400
22:46:21.608394,955,28.5891858297,10.5882352941,25.8823529412,0200
22:46:22.634695,817,26.1031696706,10.5882352941,29.4117647059,0200
22:46:23.627148,734,20.5096333126,10.5882352941,32.9411764706,0200
22:46:24.670963,643,14.9160969546,10.5882352941,35.2941176471,0200
22:46:25.663412,653,9.94406463642,10.5882352941,33.7254901961,0200
22:46:26.631005,722,7.45804847732,10.5882352941,33.3333333333,0200
22:46:27.620955,660,4.35052827843,10.5882352941,36.862745098,0200
22:46:28.637125,930,1.86451211933,17.2549019608,69.4117647059,0200
22:46:29.658563,1528,4.35052827843,18.8235294118,71.3725490196,0200
22:46:30.894643,1832,8.07955251709,19.2156862745,68.2352941176,0200
22:46:31.969764,2044,11.8085767557,19.6078431373,64.7058823529,0200
22:46:33.15960,2311,13.0515848353,20.0,60.3921568627,0200
22:46:34.7425,1874,16.780609074,21.568627451,76.4705882353,0200
22:46:35.225925,2037,19.2666252331,22.3529411765,75.6862745098,0200
22:46:36.272297,2123,21.1311373524,22.3529411765,74.5098039216,0200
22:46:37.320936,2166,22.9956494717,14.9019607843,27.4509803922,0400
22:46:38.423500,1786,24.2386575513,18.431372549,61.568627451,0200
22:46:39.438516,1787,24.2386575513,19.6078431373,71.7647058824,0200
22:46:40.488529,1866,26.1031696706,20.0,72.5490196078,0200
22:46:41.505994,1900,26.1031696706,20.3921568627,73.3333333333,0200
22:46:42.519490,1934,27.3461777502,20.3921568627,73.3333333333,0200
22:46:43.542253,1949,28.5891858297,20.3921568627,68.6274509804,0200
22:46:44.616129,1470,29.2106898695,10.5882352941,23.9215686275,0400
22:46:45.666046,970,27.9676817899,10.5882352941,25.0980392157,0200
22:46:46.749797,919,27.9676817899,12.9411764706,35.2941176471,0200
22:46:47.799734,1136,26.7246737104,13.7254901961,38.0392156863,0200
22:46:48.817330,1284,26.1031696706,16.4705882353,62.7450980392,0200
22:46:49.867252,1505,26.1031696706,10.5882352941,26.6666666667,0200
22:46:50.943634,948,26.1031696706,14.9019607843,45.8823529412,0200
22:46:51.986009,1301,25.4816656308,16.4705882353,62.3529411765,0200
22:46:53.3671,1057,26.1031696706,10.5882352941,26.2745098039,0200
22:46:54.18320,936,25.4816656308,10.5882352941,27.4509803922,0200
22:46:55.16095,873,24.2386575513,10.5882352941,28.6274509804,0200
22:46:56.19217,812,22.3741454319,10.5882352941,30.9803921569,0200
22:46:57.62282,727,18.6451211933,10.5882352941,33.7254901961,0200
22:46:58.134952,699,16.780609074,10.5882352941,34.5098039216,0200
22:46:59.213510,675,14.9160969546,10.5882352941,35.6862745098,0200
22:47:0.267358,669,11.8085767557,10.5882352941,35.2941176471,0200
22:47:1.314805,723,7.45804847732,10.5882352941,34.9019607843,0200
22:47:2.358640,634,3.10752019888,15.2941176471,59.6078431373,0200
22:47:3.411036,1438,3.10752019888,18.0392156863,70.9803921569,0200
22:47:4.488669,1657,6.83654443754,18.0392156863,64.7058823529,0200
22:47:5.809818,1876,10.5655686762,18.0392156863,60.0,0200
22:47:6.834942,2094,13.0515848353,18.0392156863,67.4509803922,0200
22:47:7.907326,1716,15.5376009944,20.3921568627,75.6862745098,0200
22:47:8.952455,1940,17.4021131137,22.3529411765,77.6470588235,0200
22:47:9.958576,2082,19.2666252331,22.7450980392,76.0784313725,0200
22:47:11.57492,2182,21.7526413922,22.7450980392,74.1176470588,0200
22:47:12.134861,2324,24.8601615911,22.7450980392,72.1568627451,0200
22:47:13.209963,2449,26.7246737104,23.137254902,70.1960784314,0200
22:47:14.309908,2589,29.2106898695,23.137254902,74.5098039216,0200
22:47:15.356190,2065,31.0752019888,23.137254902,78.0392156863,0200
22:47:16.407378,2155,32.3182100684,23.137254902,76.4705882353,0200
22:47:17.451290,2195,34.1827221877,23.137254902,76.0784313725,0200
22:47:18.508616,2242,36.047234307,23.137254902,74.9019607843,0200
22:47:19.583737,2288,37.9117464264,23.137254902,74.1176470588,0200
22:47:20.656186,2350,39.7762585457,23.137254902,73.3333333333,0200
22:47:21.728809,2413,41.0192666252,23.137254902,72.5490196078,0200
22:47:22.780023,2481,42.2622747048,23.137254902,71.3725490196,0200
22:47:23.851169,2533,43.5052827843,23.137254902,71.3725490196,0200
22:47:24.902512,2548,44.7482908639,23.137254902,70.5882352941,0200
22:47:26.2423,2584,45.3697949037,23.137254902,70.1960784314,0200
22:47:27.75049,2607,45.9912989434,23.137254902,70.5882352941,0200
22:47:28.99947,2646,46.6128029832,23.5294117647,71.3725490196,0200
22:47:29.173777,2688,47.234307023,22.7450980392,67.4509803922,0200
22:47:30.247421,2660,47.234307023,22.3529411765,76.0784313725,0200
22:47:31.268839,2213,47.8558110628,27.4509803922,86.6666666667,0200
22:47:32.311209,2326,49.0988191423,29.4117647059,89.0196078431,0200
22:47:33.353848,2356,49.7203231821,30.5882352941,89.8039215686,0200
22:47:34.551244,2381,50.9633312617,31.7647058824,89.0196078431,0200
22:47:35.733806,2470,51.5848353014,32.1568627451,89.4117647059,0200
22:47:36.781246,2498,52.827843381,32.5490196078,89.0196078431,0200
22:47:37.876298,2503,53.4493474208,32.9411764706,89.8039215686,0200
22:47:38.927496,2533,54.6923555003,32.9411764706,89.8039215686,0200
22:47:39.998845,2562,55.3138595401,33.3333333333,89.4117647059,0200
22:47:41.46294,2568,56.5568676196,33.3333333333,89.8039215686,0200
22:47:42.121345,2586,57.1783716594,33.3333333333,89.4117647059,0200
22:47:43.170119,2590,57.7998756992,33.3333333333,89.4117647059,0200
22:47:44.193757,2612,59.0428837787,33.3333333333,89.4117647059,0400
22:47:45.228319,2640,59.6643878185,33.3333333333,89.4117647059,0400
22:47:46.272568,2664,60.2858918583,33.3333333333,89.4117647059,0400
22:47:47.351353,2680,61.5288999378,33.3333333333,89.0196078431,0400
22:47:48.418814,2703,62.1504039776,33.3333333333,89.4117647059,0400
22:47:49.481462,2710,62.7719080174,33.3333333333,89.4117647059,0400
22:47:50.530015,2722,63.3934120572,32.9411764706,76.0784313725,0400
22:47:51.632660,2267,64.014916097,21.9607843137,68.6274509804,0200
22:47:52.677532,2571,64.014916097,23.5294117647,74.9019607843,0200
22:47:53.693901,2359,64.014916097,23.9215686275,78.0392156863,0200
22:47:54.797538,2358,64.014916097,24.3137254902,78.431372549,0200
22:47:55.820192,2383,64.6364201367,24.3137254902,78.0392156863,0200
22:47:56.852591,2395,65.2579241765,10.5882352941,16.862745098,0400
22:47:57.923989,2403,64.6364201367,20.0,56.0784313725,0200
22:47:58.942593,2494,64.014916097,20.0,59.6078431373,0200
22:47:59.967689,2357,64.6364201367,20.0,60.7843137255,0200
22:48:0.981331,2356,64.014916097,20.0,61.568627451,0200
22:48:1.972659,2362,64.014916097,20.0,61.9607843137,0200
22:48:3.47587,2360,64.014916097,20.0,61.9607843137,0200
22:48:4.151517,2355,64.014916097,10.5882352941,15.2941176471,0400
22:48:5.370100,2075,63.3934120572,17.6470588235,38.8235294118,0200
22:48:6.385228,2446,62.7719080174,20.0,58.0392156863,0200
22:48:7.430110,2306,62.7719080174,20.3921568627,64.7058823529,0200
22:48:8.479036,2313,62.7719080174,20.7843137255,67.0588235294,0200
22:48:9.520161,2314,62.7719080174,21.1764705882,67.8431372549,0200
22:48:10.567726,2314,62.7719080174,21.9607843137,72.1568627451,0200
22:48:11.612666,2349,63.3934120572,22.7450980392,74.5098039216,0200
22:48:12.638956,2313,63.3934120572,10.5882352941,16.862745098,0400
22:48:13.683890,2316,63.3934120572,18.431372549,45.0980392157,0200
22:48:14.712799,2391,62.1504039776,20.0,62.3529411765,0200
22:48:15.763640,2281,62.1504039776,20.3921568627,65.0980392157,0200
22:48:16.856465,2276,62.1504039776,20.7843137255,67.0588235294,0200
22:48:17.932659,2287,62.1504039776,21.1764705882,69.4117647059,0200
22:48:19.10285,2301,62.1504039776,21.9607843137,73.7254901961,0200
22:48:20.35200,2294,62.1504039776,23.5294117647,78.0392156863,0200
22:48:21.79022,2306,62.1504039776,24.3137254902,80.0,0200
22:48:22.91445,2319,62.7719080174,25.0980392157,81.568627451,0200
22:48:23.166584,2325,62.7719080174,25.4901960784,81.9607843137,0200
22:48:24.199000,2327,63.3934120572,25.4901960784,82.3529411765,0200
22:48:25.215318,2342,63.3934120572,25.8823529412,82.3529411765,0200
22:48:26.287703,2306,64.014916097,10.5882352941,15.2941176471,0400
22:48:27.327796,2055,62.7719080174,18.431372549,39.6078431373,0200
22:48:28.368297,2407,61.5288999378,18.431372549,50.5882352941,0200
22:48:29.443956,2260,61.5288999378,19.2156862745,60.0,0200
22:48:30.488959,2241,61.5288999378,20.0,63.9215686275,0200
22:48:31.490333,2250,60.9073958981,10.5882352941,15.6862745098,0400
22:48:32.567729,1960,60.2858918583,10.5882352941,19.6078431373,0400
22:48:33.586230,1901,59.0428837787,13.7254901961,23.9215686275,0200
22:48:34.932846,2016,57.1783716594,10.5882352941,17.6470588235,0400
22:48:35.950268,1782,56.5568676196,10.5882352941,18.0392156863,0400
22:48:36.965413,1724,55.3138595401,10.5882352941,17.2549019608,0400
22:48:37.978993,1666,54.0708514605,10.5882352941,16.4705882353,0400
22:48:39.21648,1603,52.827843381,10.5882352941,15.2941176471,0400
22:48:40.36501,1549,51.5848353014,10.5882352941,14.9019607843,0400
22:48:41.32853,1479,50.3418272219,10.5882352941,15.2941176471,0400
22:48:42.84037,1409,49.0988191423,10.5882352941,18.8235294118,0400
22:48:43.132847,1302,47.234307023,10.5882352941,20.3921568627,0400
22:48:44.177795,1162,45.3697949037,10.5882352941,20.7843137255,0400
22:48:45.229140,1386,43.5052827843,10.5882352941,18.431372549,0400
22:48:46.245314,1334,41.640770665,10.5882352941,19.2156862745,0400
22:48:47.290371,1294,41.0192666252,10.5882352941,19.6078431373,0400
22:48:48.332794,1252,39.7762585457,10.5882352941,20.0,0400
22:48:49.347910,1217,38.5332504661,10.5882352941,20.0,0400
22:48:50.344111,1173,37.2902423866,10.5882352941,20.0,0400
22:48:51.387951,1134,36.047234307,10.5882352941,20.3921568627,0400
22:48:52.402840,1101,34.8042262275,10.5882352941,21.1764705882,0400
22:48:53.400397,1060,33.5612181479,10.5882352941,22.3529411765,0200
22:48:54.476621,936,32.9397141081,15.6862745098,46.6666666667,0200
22:48:55.542963,1480,31.6967060286,16.0784313725,62.3529411765,0200
22:48:56.595364,1702,30.453697949,18.0392156863,67.0588235294,0200
22:48:57.639227,1713,30.453697949,18.431372549,67.8431372549,0200
22:48:58.715343,1717,30.453697949,18.431372549,68.6274509804,0200
22:48:59.731733,1721,30.453697949,18.431372549,65.0980392157,0200
22:49:0.809086,1129,30.453697949,10.5882352941,25.0980392157,0200
22:49:1.857973,959,28.5891858297,10.5882352941,25.8823529412,0200
22:49:2.899267,852,24.8601615911,10.5882352941,28.6274509804,0200
22:49:3.942877,761,21.1311373524,10.5882352941,31.7647058824,0200
22:49:4.975467,672,16.780609074,10.5882352941,34.5098039216,0200
22:49:6.141675,653,12.4300807955,10.5882352941,35.2941176471,0200
22:49:7.185532,725,8.07955251709,10.5882352941,32.1568627451,0200
22:49:8.231640,717,5.59353635799,10.5882352941,35.2941176471,0200
22:49:9.246756,614,2.48601615911,10.5882352941,37.6470588235,0200
22:49:10.263034,652,0.0,10.5882352941,37.6470588235,0200
22:49:11.302905,651,0.0,10.5882352941,38.0392156863,0200
22:49:12.319082,655,0.0,10.5882352941,37.6470588235,0200
22:49:13.391605,656,0.0,10.5882352941,37.2549019608,0200
22:49:14.412769,657,0.0,10.5882352941,37.6470588235,0200
22:49:15.405341,652,0.0,10.5882352941,36.862745098,0200
22:49:16.421717,653,0.0,10.5882352941,37.2549019608,0200
22:49:17.439086,658,0.0,17.2549019608,62.3529411765,0200
22:49:18.486690,1543,1.86451211933,17.2549019608,67.8431372549,0200
22:49:19.501710,1641,5.59353635799,17.2549019608,64.3137254902,0200
22:49:20.554299,1797,9.32256059664,17.2549019608,61.1764705882,0200
22:49:21.604223,1920,11.187072716,16.862745098,60.0,0200
22:49:22.704290,1520,12.4300807955,14.1176470588,54.9019607843,0200
22:49:23.729249,1512,13.0515848353,15.6862745098,59.6078431373,0200
22:49:24.749372,1671,14.2945929149,18.431372549,69.0196078431,0200
22:49:25.823084,1796,15.5376009944,19.6078431373,73.7254901961,0200
22:49:26.864396,1960,16.780609074,21.9607843137,76.862745098,0200
22:49:27.895485,2050,18.6451211933,21.9607843137,76.0784313725,0200
22:49:28.909397,2126,20.5096333126,21.9607843137,73.7254901961,0200
22:49:29.976761,2201,22.3741454319,21.9607843137,71.7647058824,0200
22:49:30.989309,2238,24.2386575513,10.5882352941,19.6078431373,0400
22:49:32.6784,1414,24.2386575513,10.5882352941,23.137254902,0400
22:49:32.999374,1239,22.9956494717,12.5490196078,29.0196078431,0200
22:49:34.45640,1271,22.9956494717,15.6862745098,49.8039215686,0200
22:49:35.409314,1547,22.9956494717,16.862745098,60.3921568627,0200
22:49:36.454441,1678,23.6171535115,16.862745098,49.4117647059,0200
22:49:37.500555,1238,24.2386575513,13.3333333333,36.862745098,0200
22:49:38.550451,1200,24.2386575513,10.5882352941,22.3529411765,0200
22:49:39.565571,1162,24.2386575513,10.5882352941,24.3137254902,0200
22:49:40.580649,1035,22.9956494717,10.5882352941,23.9215686275,0200
22:49:41.629321,998,22.3741454319,10.5882352941,25.0980392157,0200
22:49:42.670677,965,21.7526413922,10.5882352941,27.4509803922,0200
22:49:43.681805,1037,21.1311373524,10.5882352941,25.4901960784,0200
22:49:44.700670,979,21.7526413922,10.5882352941,25.4901960784,0200
22:49:45.691811,958,21.1311373524,10.5882352941,25.0980392157,0200
22:49:46.784414,969,21.7526413922,10.5882352941,25.0980392157,0200
22:49:47.836879,987,21.7526413922,10.5882352941,24.7058823529,0200
22:49:48.885695,1015,22.3741454319,10.5882352941,24.3137254902,0200
22:49:49.899354,1030,22.9956494717,10.5882352941,23.9215686275,0200
22:49:50.948255,1053,23.6171535115,10.5882352941,23.5294117647,0200
22:49:51.964381,1065,23.6171535115,10.5882352941,26.6666666667,0200
22:49:52.983176,1107,23.6171535115,10.5882352941,24.3137254902,0200
22:49:54.84508,1108,24.2386575513,10.5882352941,22.7450980392,0200
22:49:55.99397,1098,24.2386575513,10.5882352941,22.7450980392,0200
22:49:56.116684,1132,24.2386575513,10.5882352941,25.4901960784,0200
22:49:57.131894,1184,24.8601615911,14.1176470588,39.2156862745,0200
22:49:58.98220,1437,24.8601615911,15.6862745098,51.7647058824,0200
22:49:59.100651,1790,25.4816656308,18.8235294118,70.1960784314,0200
22:50:0.202096,1920,26.7246737104,23.9215686275,83.137254902,0200
22:50:1.278175,2142,28.5891858297,29.4117647059,88.6274509804,0200
22:50:2.347009,2246,29.8321939093,29.8039215686,89.0196078431,0200
22:50:3.425665,2304,32.3182100684,29.8039215686,88.6274509804,0200
22:50:4.500833,2368,33.5612181479,30.1960784314,88.6274509804,0200
22:50:5.800754,2424,36.047234307,28.6274509804,85.8823529412,0200
22:50:6.902061,2437,37.9117464264,28.6274509804,85.8823529412,0200
22:50:7.974442,2490,39.7762585457,28.6274509804,85.4901960784,0200
22:50:9.37090,2524,41.0192666252,29.0196078431,86.2745098039,0200
22:50:10.115759,2575,42.2622747048,29.4117647059,86.2745098039,0200
22:50:11.162151,2635,44.1267868241,29.4117647059,86.2745098039,0200
22:50:12.248230,2686,44.7482908639,29.4117647059,85.4901960784,0200
22:50:13.350810,2760,47.234307023,29.4117647059,85.4901960784,0200
22:50:14.413237,2820,47.8558110628,29.4117647059,84.7058823529,0200
22:50:15.462172,2864,49.0988191423,29.4117647059,84.3137254902,0200
22:50:16.520869,2931,50.3418272219,29.4117647059,83.9215686275,0200
22:50:17.573213,2987,52.2063393412,29.4117647059,83.5294117647,0200
22:50:18.630815,3046,53.4493474208,29.4117647059,83.137254902,0200
22:50:19.733251,3102,54.6923555003,23.9215686275,68.6274509804,0200
22:50:20.804635,2996,55.3138595401,25.8823529412,82.3529411765,0200
22:50:21.879508,2250,56.5568676196,26.6666666667,87.4509803922,0200
22:50:22.953361,2106,57.1783716594,27.0588235294,87.4509803922,0200
22:50:23.957027,2138,57.7998756992,27.0588235294,87.4509803922,0200
22:50:25.39603,2170,58.421379739,27.0588235294,87.0588235294,0200
22:50:26.125791,2205,59.6643878185,27.0588235294,86.6666666667,0200
22:50:27.174643,2211,60.2858918583,27.4509803922,86.2745098039,0200
22:50:28.258263,2248,60.9073958981,10.5882352941,22.3529411765,0400
22:50:29.334605,2228,60.9073958981,18.0392156863,40.3921568627,0200
22:50:30.380770,2353,60.9073958981,19.2156862745,60.3921568627,0200
22:50:31.460886,2238,60.9073958981,20.0,64.3137254902,0200
22:50:32.535792,2243,60.9073958981,20.0,63.9215686275,0200
22:50:33.602240,2248,61.5288999378,14.1176470588,23.137254902,0200
22:50:34.934567,2250,60.9073958981,18.431372549,56.0784313725,0200
22:50:36.5925,2230,60.9073958981,20.0,65.0980392157,0200
22:50:37.50811,2244,60.9073958981,20.7843137255,67.8431372549,0200
22:50:38.77176,2254,60.9073958981,23.137254902,77.6470588235,0200
22:50:39.180820,2267,61.5288999378,24.3137254902,79.2156862745,0200
22:50:40.234692,2296,62.7719080174,24.3137254902,80.0,0200
22:50:41.329595,2312,62.7719080174,24.7058823529,80.0,0200
22:50:42.375939,2326,63.3934120572,24.7058823529,80.3921568627,0200
22:50:43.419604,2350,64.014916097,25.0980392157,80.3921568627,0200
22:50:44.442306,2387,64.6364201367,25.0980392157,80.3921568627,0200
22:50:45.518394,2409,65.2579241765,25.0980392157,79.6078431373,0200
22:50:46.578521,2431,65.8794282163,25.0980392157,80.0,0200
22:50:47.600851,2448,65.8794282163,25.0980392157,80.0,0200
22:50:48.682284,2459,66.5009322561,25.0980392157,79.6078431373,0200
22:50:49.700900,2464,67.1224362958,25.0980392157,80.0,0200
22:50:50.705981,2475,67.1224362958,25.4901960784,79.6078431373,0200
22:50:51.812233,2472,67.1224362958,25.4901960784,79.6078431373,0200
22:50:52.828510,2498,67.7439403356,25.4901960784,80.0,0200
22:50:53.840908,2513,68.3654443754,25.4901960784,80.3921568627,0200
22:50:54.892259,2524,68.3654443754,21.9607843137,63.137254902,0200
22:50:55.919693,2523,68.3654443754,17.6470588235,46.6666666667,0200
22:50:57.22283,2495,68.3654443754,17.6470588235,44.7058823529,0200
22:50:58.127664,2484,67.1224362958,18.431372549,52.1568627451,0200
22:50:59.192306,2466,67.1224362958,19.2156862745,55.2941176471,0200
22:51:0.238537,2462,66.5009322561,10.5882352941,15.6862745098,0400
22:51:1.288459,2205,66.5009322561,13.3333333333,20.0,0400
22:51:2.328520,2420,65.2579241765,17.2549019608,35.6862745098,0200
22:51:3.348427,2367,65.2579241765,19.2156862745,56.0784313725,0200
22:51:4.419811,2370,64.6364201367,20.0,65.0980392157,0200
22:51:5.775955,2368,64.014916097,21.9607843137,71.3725490196,0200
22:51:6.879793,2369,64.6364201367,22.3529411765,72.5490196078,0200
22:51:7.958458,2379,65.2579241765,22.7450980392,72.5490196078,0200
22:51:8.986079,2413,65.2579241765,22.7450980392,72.5490196078,0200
22:51:9.999723,2409,65.8794282163,22.7450980392,72.5490196078,0200
22:51:11.123583,2416,65.8794282163,22.7450980392,72.9411764706,0200
22:51:12.167234,2371,65.8794282163,11.7647058824,21.1764705882,0400
22:51:13.213566,2440,65.2579241765,17.2549019608,34.9019607843,0200
22:51:14.267240,2363,64.6364201367,18.0392156863,40.0,0200
22:51:15.292396,2348,64.014916097,18.0392156863,49.8039215686,0200
22:51:16.312250,2329,64.014916097,10.5882352941,14.9019607843,0400
22:51:17.419853,2065,63.3934120572,10.9803921569,20.0,0400
22:51:18.491019,2239,62.1504039776,16.4705882353,30.9803921569,0200
22:51:19.513622,2337,61.5288999378,17.2549019608,36.862745098,0200
22:51:20.566017,2258,60.9073958981,17.6470588235,49.8039215686,0200
22:51:21.671310,2239,60.9073958981,18.0392156863,52.9411764706,0200
22:51:22.719801,2230,60.9073958981,18.431372549,54.9019607843,0200
22:51:23.796129,2240,60.9073958981,18.431372549,56.0784313725,0200
22:51:24.819798,2226,60.2858918583,10.5882352941,15.2941176471,0400
22:51:25.837383,1940,59.6643878185,10.5882352941,18.8235294118,0400
22:51:26.859013,1897,59.0428837787,10.5882352941,18.8235294118,0400
22:51:27.904900,1843,57.7998756992,10.5882352941,18.8235294118,0400
22:51:28.933634,1789,55.9353635799,10.5882352941,18.431372549,0400
22:51:29.982408,1717,54.6923555003,10.5882352941,17.2549019608,0400
22:51:31.32437,1644,53.4493474208,10.5882352941,15.6862745098,0400
22:51:32.77392,1545,50.9633312617,10.5882352941,14.9019607843,0400
22:51:33.137777,1390,47.8558110628,10.5882352941,19.6078431373,0400
22:51:34.187473,1202,44.7482908639,10.5882352941,20.0,0400
22:51:35.401219,1292,40.3977625855,10.5882352941,20.0,0400
22:51:36.444856,1166,36.6687383468,10.5882352941,20.3921568627,0400
22:51:37.461267,1071,33.5612181479,10.5882352941,22.7450980392,0200
22:51:38.483590,939,29.8321939093,10.5882352941,25.0980392157,0200
22:51:39.499962,830,25.4816656308,10.5882352941,27.4509803922,0200
22:51:40.492436,747,21.1311373524,10.5882352941,30.5882352941,0200
22:51:41.496203,659,18.0236171535,10.5882352941,34.9019607843,0200
22:51:42.512412,634,13.6730888751,10.5882352941,33.7254901961,0200
22:51:43.562501,1027,11.8085767557,14.5098039216,50.9803921569,0200
22:51:44.640836,1400,11.187072716,17.2549019608,67.8431372549,0200
22:51:45.702498,1700,12.4300807955,19.6078431373,75.2941176471,0200
22:51:46.748665,1856,14.2945929149,21.568627451,77.6470588235,0200
22:51:47.802519,2003,17.4021131137,21.9607843137,76.0784313725,0200
22:51:48.881167,2131,19.8881292728,21.9607843137,70.1960784314,0200
22:51:49.926243,2030,21.7526413922,18.431372549,65.8823529412,0200
22:51:51.3704,1805,23.6171535115,18.8235294118,69.0196078431,0200
22:51:52.78813,1854,25.4816656308,18.8235294118,68.6274509804,0200
22:51:53.122397,1883,26.7246737104,18.8235294118,68.2352941176,0200
22:51:54.166296,1466,27.9676817899,10.5882352941,22.7450980392,0400
22:51:55.182525,962,27.9676817899,10.5882352941,25.0980392157,0200
22:51:56.204967,891,26.7246737104,10.5882352941,26.6666666667,0200
22:51:57.221705,838,24.8601615911,10.5882352941,28.2352941176,0200
22:51:58.297479,796,22.3741454319,10.5882352941,30.1960784314,0200
22:51:59.342613,694,18.6451211933,10.5882352941,35.6862745098,0200
22:52:0.356221,737,16.1591050342,10.5882352941,36.0784313725,0200
22:52:1.403795,702,14.9160969546,11.3725490196,41.568627451,0200
22:52:2.446232,1360,14.2945929149,20.3921568627,79.6078431373,0200
22:52:3.458886,1702,15.5376009944,20.3921568627,78.431372549,0200
22:52:4.532597,1770,18.0236171535,16.0784313725,52.9411764706,0200
22:52:5.780068,1101,19.8881292728,10.5882352941,24.3137254902,0200
22:52:6.793796,1057,20.5096333126,10.9803921569,26.6666666667,0200
22:52:7.785154,1173,21.7526413922,14.5098039216,39.6078431373,0200
22:52:8.808749,1189,21.7526413922,10.5882352941,22.7450980392,0200
22:52:9.888820,1008,22.3741454319,10.5882352941,25.0980392157,0200
22:52:10.963772,1055,22.3741454319,10.5882352941,23.5294117647,0200
22:52:12.12626,1031,21.7526413922,13.7254901961,38.0392156863,0200
22:52:13.57621,1447,21.1311373524,10.5882352941,25.4901960784,0200
22:52:14.132664,1050,21.7526413922,11.7647058824,26.2745098039,0200
22:52:15.148814,1042,21.1311373524,10.5882352941,23.5294117647,0200
22:52:16.161390,1028,21.1311373524,10.5882352941,26.2745098039,0200
22:52:17.238841,1048,20.5096333126,10.9803921569,26.2745098039,0200
22:52:18.252565,1067,20.5096333126,11.7647058824,31.7647058824,0200
22:52:19.266477,1209,20.5096333126,10.5882352941,24.7058823529,0200
22:52:20.316297,1030,19.8881292728,12.1568627451,32.9411764706,0200
22:52:21.304194,1150,20.5096333126,12.9411764706,34.5098039216,0200
22:52:22.353879,1188,19.8881292728,10.5882352941,25.0980392157,0200
22:52:23.402643,1013,19.8881292728,10.9803921569,27.4509803922,0200
22:52:24.421333,1041,19.8881292728,12.9411764706,35.2941176471,0200
22:52:25.465210,1108,19.8881292728,10.5882352941,25.4901960784,0200
22:52:26.515071,1019,19.8881292728,10.5882352941,25.8823529412,0200
22:52:27.531465,966,19.2666252331,10.5882352941,25.8823529412,0200
22:52:28.543968,983,19.2666252331,10.5882352941,26.2745098039,0200
22:52:29.587709,950,18.6451211933,10.5882352941,25.8823529412,0200
22:52:30.600165,954,18.6451211933,10.5882352941,25.8823529412,0200
22:52:31.590248,925,18.0236171535,10.5882352941,26.6666666667,0200
22:52:32.647616,897,16.780609074,10.5882352941,27.8431372549,0200
22:52:33.665244,790,15.5376009944,10.5882352941,33.7254901961,0200
22:52:34.987756,749,13.0515848353,10.5882352941,34.5098039216,0200
22:52:36.80158,834,12.4300807955,10.5882352941,30.1960784314,0200
22:52:37.153975,1075,12.4300807955,14.1176470588,43.9215686275,0200
22:52:38.235133,1343,13.0515848353,14.5098039216,47.0588235294,0200
22:52:39.269001,1384,13.6730888751,14.9019607843,46.6666666667,0200
22:52:40.293886,1234,14.9160969546,10.5882352941,23.137254902,0200
22:52:41.343986,1020,15.5376009944,10.5882352941,27.0588235294,0200
22:52:42.386413,995,14.9160969546,10.5882352941,25.4901960784,0200
22:52:43.401541,949,14.9160969546,10.5882352941,25.8823529412,0200
22:52:44.432684,923,14.9160969546,10.5882352941,26.6666666667,0200
22:52:45.449047,911,14.9160969546,10.5882352941,26.6666666667,0200
22:52:46.440197,886,13.6730888751,10.5882352941,27.0588235294,0200
22:52:47.437762,862,12.4300807955,10.5882352941,29.0196078431,0200
22:52:48.541461,832,10.5655686762,10.5882352941,30.1960784314,0200
22:52:49.561637,783,8.07955251709,10.5882352941,34.1176470588,0200
22:52:50.606480,812,6.21504039776,10.5882352941,33.3333333333,0200
22:52:51.679112,783,5.59353635799,10.5882352941,33.3333333333,0200
22:52:52.721489,760,4.97203231821,10.5882352941,32.1568627451,0200
22:52:53.750305,720,4.35052827843,10.5882352941,33.3333333333,0200
22:52:54.794000,703,4.35052827843,10.5882352941,35.6862745098,0200
22:52:55.810353,651,3.10752019888,10.5882352941,36.4705882353,0200
22:52:56.840372,706,2.48601615911,10.5882352941,36.4705882353,0200
22:52:57.888969,649,1.86451211933,10.5882352941,36.0784313725,0200
22:52:58.937876,650,1.86451211933,10.5882352941,36.4705882353,0200
22:52:59.934008,666,1.86451211933,10.5882352941,36.4705882353,0200
22:53:1.39144,655,1.86451211933,10.5882352941,36.0784313725,0200
22:53:2.112776,648,1.86451211933,10.5882352941,36.0784313725,0200
22:53:3.129184,667,1.86451211933,10.5882352941,36.0784313725,0200
22:53:4.207766,645,1.86451211933,10.5882352941,37.6470588235,0200
22:53:5.534228,647,1.86451211933,10.5882352941,37.6470588235,0200
22:53:6.747851,665,0.0,10.5882352941,36.862745098,0200
22:53:8.99073,655,0.0,10.5882352941,37.2549019608,0200
22:53:9.362745,651,0.0,10.5882352941,37.2549019608,0200
22:53:10.590171,784,0.0,10.5882352941,27.8431372549,0200
22:53:11.913972,801,0.0,10.5882352941,27.8431372549,0200
22:53:13.177757,697,0.0,10.5882352941,29.0196078431,0200
22:53:14.460427,693,0.0,10.5882352941,29.0196078431,0200
22:53:15.804046,705,0.0,10.5882352941,28.2352941176,0200
22:53:17.101484,700,0.0,10.5882352941,28.6274509804,0200
22:53:18.369036,693,0.0,10.5882352941,29.0196078431,0200
22:53:19.709372,693,0.0,10.5882352941,29.0196078431,0200
22:53:21.56610,693,0.0,10.5882352941,29.0196078431,0200
22:53:22.267827,682,0.0,10.5882352941,29.4117647059,0200
22:53:23.606669,697,0.0,10.5882352941,29.4117647059,0200
22:53:24.916603,695,0.0,10.5882352941,28.6274509804,0200
22:53:26.159185,696,0.0,10.5882352941,29.0196078431,0200
22:53:27.464104,694,0.0,10.5882352941,28.6274509804,0200
22:53:28.719217,689,0.0,10.5882352941,28.2352941176,0200
22:53:29.960381,697,0.0,10.5882352941,28.2352941176,0200
22:53:31.318041,696,0.0,10.5882352941,28.6274509804,0200
22:53:32.611638,705,0.0,10.5882352941,28.6274509804,0200
22:53:34.121710,701,0.0,10.5882352941,28.6274509804,0200
22:53:35.454145,701,0.0,10.5882352941,28.2352941176,0200
22:53:36.667904,699,0.0,10.5882352941,28.6274509804,0200
22:53:37.886780,697,0.0,10.5882352941,29.0196078431,0200
22:53:39.215507,698,0.0,10.5882352941,29.0196078431,0200
22:53:40.505475,693,0.0,10.5882352941,29.0196078431,0200
22:53:41.735476,701,0.0,10.5882352941,29.0196078431,0200
22:53:43.79317,700,0.0,10.5882352941,28.6274509804,0200
22:53:44.386727,696,0.0,10.5882352941,28.6274509804,0200
22:53:45.668091,697,0.0,10.5882352941,28.6274509804,0200
22:53:47.19243,703,0.0,10.5882352941,28.2352941176,0200
22:53:48.275511,695,0.0,10.5882352941,28.2352941176,0200
22:53:49.494390,697,0.0,10.5882352941,28.6274509804,0200
22:53:50.793011,698,0.0,10.5882352941,28.6274509804,0200
22:53:52.44954,706,0.0,10.5882352941,28.6274509804,0200
22:53:53.308026,702,0.0,10.5882352941,28.6274509804,0200
22:53:54.705610,702,0.0,10.5882352941,28.6274509804,0200
22:53:55.961799,702,0.0,10.5882352941,28.6274509804,0200
22:53:57.274379,696,0.0,10.5882352941,29.0196078431,0200
22:53:58.603203,704,0.0,10.5882352941,29.0196078431,0200
22:53:59.861844,702,0.0,10.5882352941,28.6274509804,0200
22:54:1.82102,702,0.0,10.5882352941,28.6274509804,0200
22:54:2.441853,698,0.0,10.5882352941,28.2352941176,0200
22:54:3.693336,707,0.0,10.5882352941,29.0196078431,0200
22:54:4.990607,705,0.0,10.5882352941,28.6274509804,0200
22:54:6.323205,701,0.0,10.5882352941,28.6274509804,0200
22:54:7.621882,701,0.0,10.5882352941,28.2352941176,0200
22:54:8.926917,704,0.0,10.5882352941,28.6274509804,0200
22:54:10.304470,702,0.0,10.5882352941,29.0196078431,0200
22:54:11.611888,703,0.0,10.5882352941,28.2352941176,0200
22:54:12.909539,704,0.0,10.5882352941,28.6274509804,0200
22:54:14.215712,707,0.0,10.5882352941,28.6274509804,0200
22:54:15.384991,701,0.0,10.5882352941,28.6274509804,0200
22:54:16.688213,698,0.0,10.5882352941,29.0196078431,0200
22:54:18.5761,693,0.0,10.5882352941,28.6274509804,0200
22:54:19.234448,699,0.0,10.5882352941,28.6274509804,0200
22:54:20.494495,695,0.0,10.5882352941,29.0196078431,0200
22:54:21.867099,691,0.0,10.5882352941,28.6274509804,0200
22:54:23.127011,699,0.0,10.5882352941,28.2352941176,0200
22:54:24.322194,695,0.0,10.5882352941,29.0196078431,0200
22:54:25.659533,696,0.0,10.5882352941,28.2352941176,0200
22:54:26.935633,700,0.0,10.5882352941,28.6274509804,0200
22:54:28.229539,698,0.0,10.5882352941,28.2352941176,0200
22:54:29.589648,706,0.0,10.5882352941,28.2352941176,0200
22:54:30.839547,695,0.0,10.5882352941,27.8431372549,0200
22:54:32.48324,695,0.0,10.5882352941,29.0196078431,0200
22:54:33.419654,703,0.0,10.5882352941,28.2352941176,0200
22:54:34.827084,705,0.0,10.5882352941,27.8431372549,0200
22:54:36.125953,705,0.0,10.5882352941,28.6274509804,0200
22:54:37.484615,691,0.0,10.5882352941,29.0196078431,0200
22:54:38.687259,700,0.0,10.5882352941,29.0196078431,0200
22:54:39.944594,695,0.0,10.5882352941,29.0196078431,0200
22:54:41.360957,698,0.0,10.5882352941,29.0196078431,0200
22:54:42.574702,705,0.0,10.5882352941,29.0196078431,0200
22:54:43.829667,705,0.0,10.5882352941,28.2352941176,0200
22:54:45.176018,697,0.0,10.5882352941,29.0196078431,0200
22:54:46.450929,702,0.0,10.5882352941,28.2352941176,0200
22:54:47.708496,708,0.0,10.5882352941,28.2352941176,0200
22:54:49.24676,707,0.0,10.5882352941,28.2352941176,0200
22:54:50.248531,707,0.0,10.5882352941,28.2352941176,0200
22:54:51.553487,699,0.0,10.5882352941,28.2352941176,0200
22:54:52.897299,695,0.0,10.5882352941,28.2352941176,0200
22:54:54.214752,700,0.0,10.5882352941,29.0196078431,0200
22:54:55.479769,695,0.0,10.5882352941,28.2352941176,0200
22:54:56.782339,695,0.0,10.5882352941,28.6274509804,0200
22:54:58.73516,699,0.0,10.5882352941,28.2352941176,0200
22:54:59.334856,695,0.0,10.5882352941,27.8431372549,0200
22:55:0.679812,697,0.0,10.5882352941,28.6274509804,0200
22:55:1.969870,700,0.0,10.5882352941,28.6274509804,0200
22:55:3.156170,698,0.0,10.5882352941,28.6274509804,0200
22:55:4.517665,691,0.0,10.5882352941,28.6274509804,0200
22:55:5.744798,697,0.0,10.5882352941,28.6274509804,0200
22:55:6.948576,704,0.0,10.5882352941,28.6274509804,0200
22:55:8.241070,697,0.0,10.5882352941,28.6274509804,0200
22:55:9.503493,696,0.0,10.5882352941,28.6274509804,0200
22:55:10.689839,706,0.0,10.5882352941,27.8431372549,0200
22:55:12.84769,703,0.0,10.5882352941,28.2352941176,0200
22:55:13.372520,698,0.0,10.5882352941,28.2352941176,0200
22:55:14.587446,703,0.0,10.5882352941,27.8431372549,0200
22:55:15.896160,702,0.0,10.5882352941,28.6274509804,0200
22:55:17.161274,705,0.0,10.5882352941,28.6274509804,0200
22:55:18.356221,697,0.0,10.5882352941,27.8431372549,0200
22:55:19.623750,705,0.0,10.5882352941,28.2352941176,0200
22:55:20.869969,697,0.0,10.5882352941,28.6274509804,0200
22:55:22.162579,694,0.0,10.5882352941,28.6274509804,0200
22:55:23.498778,699,0.0,10.5882352941,28.2352941176,0200
